#
# There is insufficient memory for the Java Runtime Environment to continue.
# Native memory allocation (malloc) failed to allocate 835616 bytes for Chunk::new
# Possible reasons:
#   The system is out of physical RAM or swap space
#   In 32 bit mode, the process size limit was hit
# Possible solutions:
#   Reduce memory load on the system
#   Increase physical memory or swap space
#   Check if swap backing store is full
#   Use 64 bit Java on a 64 bit OS
#   Decrease Java heap size (-Xmx/-Xms)
#   Decrease number of Java threads
#   Decrease Java thread stack sizes (-Xss)
#   Set larger code cache with -XX:ReservedCodeCacheSize=
# This output file may be truncated or incomplete.
#
#  Out of Memory Error (allocation.cpp:390), pid=18100, tid=0x0000000000004214
#
# JRE version: Java(TM) SE Runtime Environment (8.0_181-b13) (build 1.8.0_181-b13)
# Java VM: Java HotSpot(TM) 64-Bit Server VM (25.181-b13 mixed mode windows-amd64 compressed oops)
# Failed to write core dump. Minidumps are not enabled by default on client versions of Windows
#

---------------  T H R E A D  ---------------

Current thread (0x0000000016c7a000):  JavaThread "C2 CompilerThread1" daemon [_thread_in_native, id=16916, stack(0x00000000186d0000,0x00000000187d0000)]

Stack: [0x00000000186d0000,0x00000000187d0000]
[error occurred during error reporting (printing stack bounds), id 0xc0000005]

Native frames: (J=compiled Java code, j=interpreted, Vv=VM code, C=native code)


Current CompileTask:
C2:2678134 35106 % !   4       com.android.tools.r8.dex.c::b @ 13 (2274 bytes)


---------------  P R O C E S S  ---------------

Java Threads: ( => current thread )
  0x000000001bf3a800 JavaThread "ForkJoinPool-7-worker-0" daemon [_thread_blocked, id=2884, stack(0x0000000032a50000,0x0000000032b50000)]
  0x000000001bf33000 JavaThread "ForkJoinPool-7-worker-3" daemon [_thread_in_Java, id=7560, stack(0x0000000032950000,0x0000000032a50000)]
  0x000000001bf33800 JavaThread "ForkJoinPool-7-worker-2" daemon [_thread_blocked, id=12252, stack(0x0000000032850000,0x0000000032950000)]
  0x000000001bf32000 JavaThread "ForkJoinPool-7-worker-1" daemon [_thread_in_vm, id=3324, stack(0x0000000032750000,0x0000000032850000)]
  0x000000001bf37800 JavaThread "WorkerExecutor Queue Thread 9" [_thread_blocked, id=2180, stack(0x0000000032650000,0x0000000032750000)]
  0x000000001bf39800 JavaThread "ForkJoinPool.commonPool-worker-3" daemon [_thread_blocked, id=15980, stack(0x0000000032550000,0x0000000032650000)]
  0x000000001bf39000 JavaThread "RMI TCP Connection(idle)" daemon [_thread_blocked, id=2424, stack(0x0000000031f50000,0x0000000032050000)]
  0x000000001d199000 JavaThread "RMI TCP Connection(10)-127.0.0.1" daemon [_thread_blocked, id=14976, stack(0x0000000031b50000,0x0000000031c50000)]
  0x000000001d1a0000 JavaThread "stdout" [_thread_in_native, id=19388, stack(0x0000000031650000,0x0000000031750000)]
  0x000000001d19e800 JavaThread "stderr" [_thread_in_native, id=13108, stack(0x0000000031550000,0x0000000031650000)]
  0x000000001d1a1800 JavaThread "pool-50-thread-1" [_thread_blocked, id=5748, stack(0x0000000031450000,0x0000000031550000)]
  0x000000001d1a1000 JavaThread "RMI Reaper" [_thread_blocked, id=16028, stack(0x0000000031250000,0x0000000031350000)]
  0x000000001d1a3000 JavaThread "RMI TCP Accept-0" daemon [_thread_in_native, id=13460, stack(0x0000000031150000,0x0000000031250000)]
  0x000000001d1a2800 JavaThread "GC Daemon" daemon [_thread_blocked, id=8452, stack(0x0000000031050000,0x0000000031150000)]
  0x000000001d195800 JavaThread "RMI Scheduler(0)" daemon [_thread_blocked, id=18236, stack(0x0000000030e50000,0x0000000030f50000)]
  0x000000001d196000 JavaThread "WorkerExecutor Queue Thread 6" [_thread_blocked, id=9340, stack(0x000000002dbe0000,0x000000002dce0000)]
  0x000000001d194000 JavaThread "Cache worker for Java compile cache (H:\Project\ShopHall22\.gradle\5.4.1\javaCompile)" [_thread_blocked, id=1880, stack(0x000000002d9e0000,0x000000002dae0000)]
  0x000000001d197800 JavaThread "Cache worker for Java compile cache (C:\Users\Superä¸¶æ‰§å¿µ\.gradle\caches\5.4.1\javaCompile)" [_thread_blocked, id=7948, stack(0x000000002d8e0000,0x000000002d9e0000)]
  0x000000001c7bf000 JavaThread "Cache worker for execution history cache (H:\Project\ShopHall22\.gradle\5.4.1\executionHistory)" [_thread_blocked, id=15164, stack(0x000000002d3e0000,0x000000002d4e0000)]
  0x000000001c7bd800 JavaThread "Execution worker for ':' Thread 3" [_thread_blocked, id=17584, stack(0x000000002d2e0000,0x000000002d3e0000)]
  0x000000001c7bd000 JavaThread "Execution worker for ':' Thread 2" [_thread_in_native, id=16208, stack(0x000000002d1e0000,0x000000002d2e0000)]
  0x000000001c7ba800 JavaThread "Execution worker for ':'" [_thread_blocked, id=5824, stack(0x000000002d0e0000,0x000000002d1e0000)]
  0x000000001c7bc000 JavaThread "Cache worker for file content cache (H:\Project\ShopHall22\.gradle\5.4.1\fileContent)" [_thread_blocked, id=1708, stack(0x000000002cfe0000,0x000000002d0e0000)]
  0x000000001c7bb800 JavaThread "Cache worker for file content cache (C:\Users\Superä¸¶æ‰§å¿µ\.gradle\caches\5.4.1\fileContent)" [_thread_blocked, id=1036, stack(0x000000002cee0000,0x000000002cfe0000)]
  0x000000001c7b3000 JavaThread "Cache worker for Build Output Cleanup Cache (H:\Project\ShopHall22\.gradle\buildOutputCleanup)" [_thread_blocked, id=15332, stack(0x000000002cde0000,0x000000002cee0000)]
  0x000000001c7b9000 JavaThread "Build operations Thread 4" [_thread_blocked, id=12628, stack(0x000000002cce0000,0x000000002cde0000)]
  0x000000001c7ba000 JavaThread "Build operations Thread 3" [_thread_blocked, id=17388, stack(0x000000002cbe0000,0x000000002cce0000)]
  0x000000001c7b1800 JavaThread "Build operations Thread 2" [_thread_blocked, id=8196, stack(0x000000002cae0000,0x000000002cbe0000)]
  0x000000001c7b8800 JavaThread "Build operations" [_thread_blocked, id=3280, stack(0x000000002c9e0000,0x000000002cae0000)]
  0x000000001c7b1000 JavaThread "Cache worker for cache directory md-rule (C:\Users\Superä¸¶æ‰§å¿µ\.gradle\caches\5.4.1\md-rule)" [_thread_blocked, id=12556, stack(0x000000002c8e0000,0x000000002c9e0000)]
  0x000000001c7b2800 JavaThread "Cache worker for cache directory md-supplier (C:\Users\Superä¸¶æ‰§å¿µ\.gradle\caches\5.4.1\md-supplier)" [_thread_blocked, id=5540, stack(0x000000002c7e0000,0x000000002c8e0000)]
  0x000000001c7b7800 JavaThread "Cache worker for file hash cache (H:\Project\ShopHall22\.gradle\5.4.1\fileHashes)" [_thread_blocked, id=1596, stack(0x000000002c6e0000,0x000000002c7e0000)]
  0x000000001c7b5800 JavaThread "Thread-89" [_thread_blocked, id=12076, stack(0x000000002c5e0000,0x000000002c6e0000)]
  0x0000000019eb8800 JavaThread "Asynchronous log dispatcher for DefaultDaemonConnection: socket connection from /127.0.0.1:53340 to /127.0.0.1:54761" [_thread_blocked, id=18464, stack(0x000000002c3e0000,0x000000002c4e0000)]
  0x0000000019eb9000 JavaThread "Daemon worker Thread 4" [_thread_blocked, id=5808, stack(0x000000002c2e0000,0x000000002c3e0000)]
  0x0000000019eb7000 JavaThread "Cancel handler" [_thread_blocked, id=8744, stack(0x000000002c1e0000,0x000000002c2e0000)]
  0x0000000019eb4800 JavaThread "Handler for socket connection from /127.0.0.1:53340 to /127.0.0.1:54761" [_thread_in_native, id=16580, stack(0x000000002c0e0000,0x000000002c1e0000)]
  0x0000000019eb7800 JavaThread "Daemon Thread 4" [_thread_blocked, id=3316, stack(0x000000002bfe0000,0x000000002c0e0000)]
  0x000000001c7b4000 JavaThread "Memory manager" [_thread_blocked, id=7112, stack(0x0000000023770000,0x0000000023870000)]
  0x0000000019eb4000 JavaThread "Cache worker for execution history cache (C:\Users\Superä¸¶æ‰§å¿µ\.gradle\caches\5.4.1\executionHistory)" [_thread_blocked, id=4432, stack(0x00000000204b0000,0x00000000205b0000)]
  0x0000000019eb5800 JavaThread "Cache worker for journal cache (C:\Users\Superä¸¶æ‰§å¿µ\.gradle\caches\journal-1)" [_thread_blocked, id=18976, stack(0x000000001b550000,0x000000001b650000)]
  0x0000000019eba000 JavaThread "File lock request listener" [_thread_in_native, id=14572, stack(0x000000001b450000,0x000000001b550000)]
  0x0000000019eb3000 JavaThread "Cache worker for file hash cache (C:\Users\Superä¸¶æ‰§å¿µ\.gradle\caches\5.4.1\fileHashes)" [_thread_blocked, id=19180, stack(0x000000001b150000,0x000000001b250000)]
  0x0000000019c4c800 JavaThread "Daemon periodic checks" [_thread_blocked, id=19224, stack(0x000000001a750000,0x000000001a850000)]
  0x0000000019c4b800 JavaThread "Incoming local TCP Connector on port 53340" [_thread_in_native, id=220, stack(0x000000001a5a0000,0x000000001a6a0000)]
  0x0000000019d3b800 JavaThread "Daemon health stats" [_thread_blocked, id=19060, stack(0x000000001a2a0000,0x000000001a3a0000)]
  0x0000000018034000 JavaThread "Service Thread" daemon [_thread_blocked, id=12036, stack(0x00000000188d0000,0x00000000189d0000)]
  0x0000000016cab000 JavaThread "C1 CompilerThread2" daemon [_thread_blocked, id=5508, stack(0x00000000187d0000,0x00000000188d0000)]
=>0x0000000016c7a000 JavaThread "C2 CompilerThread1" daemon [_thread_in_native, id=16916, stack(0x00000000186d0000,0x00000000187d0000)]
  0x0000000018013000 JavaThread "C2 CompilerThread0" daemon [_thread_blocked, id=18880, stack(0x00000000185d0000,0x00000000186d0000)]
  0x0000000016c66000 JavaThread "Attach Listener" daemon [_thread_blocked, id=12552, stack(0x00000000184d0000,0x00000000185d0000)]
  0x0000000016c65000 JavaThread "Signal Dispatcher" daemon [_thread_blocked, id=2484, stack(0x00000000183d0000,0x00000000184d0000)]
  0x0000000016c3a000 JavaThread "Finalizer" daemon [_thread_blocked, id=10468, stack(0x0000000017ed0000,0x0000000017fd0000)]
  0x00000000032d2000 JavaThread "Reference Handler" daemon [_thread_blocked, id=11572, stack(0x0000000017dd0000,0x0000000017ed0000)]
  0x00000000014fe000 JavaThread "main" [_thread_blocked, id=6788, stack(0x0000000002cb0000,0x0000000002db0000)]

Other Threads:
  0x0000000016c18000 VMThread [stack: 0x0000000017cd0000,0x0000000017dd0000] [id=5024]
  0x0000000018049800 WatcherThread [stack: 0x00000000189d0000,0x0000000018ad0000] [id=5344]

VM state:not at safepoint (normal execution)

VM Mutex/Monitor currently owned by a thread: None

Heap:
 PSYoungGen      total 443392K, used 9236K [0x00000000e0000000, 0x0000000100000000, 0x0000000100000000)
  eden space 362496K, 2% used [0x00000000e0000000,0x00000000e0905168,0x00000000f6200000)
  from space 80896K, 0% used [0x00000000f6200000,0x00000000f6200000,0x00000000fb100000)
  to   space 80896K, 0% used [0x00000000fb100000,0x00000000fb100000,0x0000000100000000)
 ParOldGen       total 456192K, used 285628K [0x00000000a0000000, 0x00000000bbd80000, 0x00000000e0000000)
  object space 456192K, 62% used [0x00000000a0000000,0x00000000b16ef198,0x00000000bbd80000)
 Metaspace       used 115817K, capacity 123444K, committed 127448K, reserved 1159168K
  class space    used 14671K, capacity 16287K, committed 16896K, reserved 1048576K

Card table byte_map: [0x00000000126a0000,0x00000000129b0000] byte_map_base: 0x00000000121a0000

Marking Bits: (ParMarkBitMap*) 0x0000000062282d00
 Begin Bits: [0x0000000012fb0000, 0x00000000147b0000)
 End Bits:   [0x00000000147b0000, 0x0000000015fb0000)

Polling page: 0x00000000011a0000

CodeCache: size=245760Kb used=97514Kb max_used=98674Kb free=148245Kb
 bounds [0x00000000032e0000, 0x0000000009500000, 0x00000000122e0000]
 total_blobs=26811 nmethods=25856 adapters=863
 compilation: enabled

Compilation events (10 events):
Event: 2671.973 Thread 0x0000000016cab000 35108       3       com.android.tools.r8.dex.c$$Lambda$670/2076603258::accept (20 bytes)
Event: 2671.973 Thread 0x0000000016cab000 nmethod 35108 0x0000000008d68850 code [0x0000000008d689c0, 0x0000000008d68c68]
Event: 2671.973 Thread 0x0000000016cab000 35109       3       com.android.tools.r8.dex.c::a (137 bytes)
Event: 2671.974 Thread 0x0000000016cab000 nmethod 35109 0x00000000090b8cd0 code [0x00000000090b8f40, 0x00000000090b9f28]
Event: 2671.974 Thread 0x0000000016cab000 35110       3       com.android.tools.r8.dex.l::a (14 bytes)
Event: 2671.974 Thread 0x0000000016cab000 nmethod 35110 0x0000000005bebd10 code [0x0000000005bebe80, 0x0000000005bec188]
Event: 2671.980 Thread 0x0000000016cab000 35111       3       com.android.tools.r8.dex.c$$Lambda$670/2076603258::get$Lambda (11 bytes)
Event: 2671.981 Thread 0x0000000016cab000 nmethod 35111 0x00000000074b5090 code [0x00000000074b5200, 0x00000000074b5490]
Event: 2678.122 Thread 0x0000000016cab000 35115       3       com.android.tools.r8.graph.DexItemFactory::a (8 bytes)
Event: 2678.123 Thread 0x0000000016cab000 nmethod 35115 0x00000000088580d0 code [0x0000000008858240, 0x00000000088583c8]

GC Heap History (10 events):
Event: 2611.811 GC heap before
{Heap before GC invocations=48 (full 6):
 PSYoungGen      total 456192K, used 420570K [0x00000000e0000000, 0x00000000fff00000, 0x0000000100000000)
  eden space 394240K, 100% used [0x00000000e0000000,0x00000000f8100000,0x00000000f8100000)
  from space 61952K, 42% used [0x00000000f8100000,0x00000000f9ab6858,0x00000000fbd80000)
  to   space 60416K, 0% used [0x00000000fc400000,0x00000000fc400000,0x00000000fff00000)
 ParOldGen       total 295424K, used 161907K [0x00000000a0000000, 0x00000000b2080000, 0x00000000e0000000)
  object space 295424K, 54% used [0x00000000a0000000,0x00000000a9e1cff0,0x00000000b2080000)
 Metaspace       used 114542K, capacity 122496K, committed 122712K, reserved 1155072K
  class space    used 14745K, capacity 16432K, committed 16512K, reserved 1048576K
Event: 2612.057 GC heap after
Heap after GC invocations=48 (full 6):
 PSYoungGen      total 455680K, used 12718K [0x00000000e0000000, 0x00000000ff880000, 0x0000000100000000)
  eden space 401920K, 0% used [0x00000000e0000000,0x00000000e0000000,0x00000000f8880000)
  from space 53760K, 23% used [0x00000000fc400000,0x00000000fd06bba0,0x00000000ff880000)
  to   space 57344K, 0% used [0x00000000f8880000,0x00000000f8880000,0x00000000fc080000)
 ParOldGen       total 295424K, used 166281K [0x00000000a0000000, 0x00000000b2080000, 0x00000000e0000000)
  object space 295424K, 56% used [0x00000000a0000000,0x00000000aa262668,0x00000000b2080000)
 Metaspace       used 114542K, capacity 122496K, committed 122712K, reserved 1155072K
  class space    used 14745K, capacity 16432K, committed 16512K, reserved 1048576K
}
Event: 2642.214 GC heap before
{Heap before GC invocations=49 (full 6):
 PSYoungGen      total 455680K, used 414515K [0x00000000e0000000, 0x00000000ff880000, 0x0000000100000000)
  eden space 401920K, 99% used [0x00000000e0000000,0x00000000f8861090,0x00000000f8880000)
  from space 53760K, 23% used [0x00000000fc400000,0x00000000fd06bba0,0x00000000ff880000)
  to   space 57344K, 0% used [0x00000000f8880000,0x00000000f8880000,0x00000000fc080000)
 ParOldGen       total 295424K, used 166281K [0x00000000a0000000, 0x00000000b2080000, 0x00000000e0000000)
  object space 295424K, 56% used [0x00000000a0000000,0x00000000aa262668,0x00000000b2080000)
 Metaspace       used 117616K, capacity 125654K, committed 126040K, reserved 1159168K
  class space    used 14952K, capacity 16677K, committed 16768K, reserved 1048576K
Event: 2642.453 GC heap after
Heap after GC invocations=49 (full 6):
 PSYoungGen      total 459264K, used 15531K [0x00000000e0000000, 0x00000000ffd80000, 0x0000000100000000)
  eden space 401920K, 0% used [0x00000000e0000000,0x00000000e0000000,0x00000000f8880000)
  from space 57344K, 27% used [0x00000000f8880000,0x00000000f97aacc0,0x00000000fc080000)
  to   space 54272K, 0% used [0x00000000fc880000,0x00000000fc880000,0x00000000ffd80000)
 ParOldGen       total 295424K, used 170603K [0x00000000a0000000, 0x00000000b2080000, 0x00000000e0000000)
  object space 295424K, 57% used [0x00000000a0000000,0x00000000aa69af80,0x00000000b2080000)
 Metaspace       used 117616K, capacity 125654K, committed 126040K, reserved 1159168K
  class space    used 14952K, capacity 16677K, committed 16768K, reserved 1048576K
}
Event: 2665.273 GC heap before
{Heap before GC invocations=50 (full 6):
 PSYoungGen      total 459264K, used 417451K [0x00000000e0000000, 0x00000000ffd80000, 0x0000000100000000)
  eden space 401920K, 100% used [0x00000000e0000000,0x00000000f8880000,0x00000000f8880000)
  from space 57344K, 27% used [0x00000000f8880000,0x00000000f97aacc0,0x00000000fc080000)
  to   space 54272K, 0% used [0x00000000fc880000,0x00000000fc880000,0x00000000ffd80000)
 ParOldGen       total 295424K, used 170603K [0x00000000a0000000, 0x00000000b2080000, 0x00000000e0000000)
  object space 295424K, 57% used [0x00000000a0000000,0x00000000aa69af80,0x00000000b2080000)
 Metaspace       used 118974K, capacity 127104K, committed 127448K, reserved 1159168K
  class space    used 15074K, capacity 16800K, committed 16896K, reserved 1048576K
Event: 2666.002 GC heap after
Heap after GC invocations=50 (full 6):
 PSYoungGen      total 416768K, used 54269K [0x00000000e0000000, 0x0000000100000000, 0x0000000100000000)
  eden space 362496K, 0% used [0x00000000e0000000,0x00000000e0000000,0x00000000f6200000)
  from space 54272K, 99% used [0x00000000fc880000,0x00000000ffd7f6a8,0x00000000ffd80000)
  to   space 80896K, 0% used [0x00000000f6200000,0x00000000f6200000,0x00000000fb100000)
 ParOldGen       total 295424K, used 217048K [0x00000000a0000000, 0x00000000b2080000, 0x00000000e0000000)
  object space 295424K, 73% used [0x00000000a0000000,0x00000000ad3f6090,0x00000000b2080000)
 Metaspace       used 118974K, capacity 127104K, committed 127448K, reserved 1159168K
  class space    used 15074K, capacity 16800K, committed 16896K, reserved 1048576K
}
Event: 2672.081 GC heap before
{Heap before GC invocations=51 (full 6):
 PSYoungGen      total 416768K, used 416765K [0x00000000e0000000, 0x0000000100000000, 0x0000000100000000)
  eden space 362496K, 100% used [0x00000000e0000000,0x00000000f6200000,0x00000000f6200000)
  from space 54272K, 99% used [0x00000000fc880000,0x00000000ffd7f6a8,0x00000000ffd80000)
  to   space 80896K, 0% used [0x00000000f6200000,0x00000000f6200000,0x00000000fb100000)
 ParOldGen       total 295424K, used 218029K [0x00000000a0000000, 0x00000000b2080000, 0x00000000e0000000)
  object space 295424K, 73% used [0x00000000a0000000,0x00000000ad4eb490,0x00000000b2080000)
 Metaspace       used 119189K, capacity 127374K, committed 127448K, reserved 1159168K
  class space    used 15083K, capacity 16839K, committed 16896K, reserved 1048576K
Event: 2672.999 GC heap after
Heap after GC invocations=51 (full 6):
 PSYoungGen      total 443392K, used 80884K [0x00000000e0000000, 0x0000000100000000, 0x0000000100000000)
  eden space 362496K, 0% used [0x00000000e0000000,0x00000000e0000000,0x00000000f6200000)
  from space 80896K, 99% used [0x00000000f6200000,0x00000000fb0fd050,0x00000000fb100000)
  to   space 80896K, 0% used [0x00000000fb100000,0x00000000fb100000,0x0000000100000000)
 ParOldGen       total 295424K, used 278792K [0x00000000a0000000, 0x00000000b2080000, 0x00000000e0000000)
  object space 295424K, 94% used [0x00000000a0000000,0x00000000b10420a0,0x00000000b2080000)
 Metaspace       used 119189K, capacity 127374K, committed 127448K, reserved 1159168K
  class space    used 15083K, capacity 16839K, committed 16896K, reserved 1048576K
}
Event: 2672.999 GC heap before
{Heap before GC invocations=52 (full 7):
 PSYoungGen      total 443392K, used 80884K [0x00000000e0000000, 0x0000000100000000, 0x0000000100000000)
  eden space 362496K, 0% used [0x00000000e0000000,0x00000000e0000000,0x00000000f6200000)
  from space 80896K, 99% used [0x00000000f6200000,0x00000000fb0fd050,0x00000000fb100000)
  to   space 80896K, 0% used [0x00000000fb100000,0x00000000fb100000,0x0000000100000000)
 ParOldGen       total 295424K, used 278792K [0x00000000a0000000, 0x00000000b2080000, 0x00000000e0000000)
  object space 295424K, 94% used [0x00000000a0000000,0x00000000b10420a0,0x00000000b2080000)
 Metaspace       used 119189K, capacity 127374K, committed 127448K, reserved 1159168K
  class space    used 15083K, capacity 16839K, committed 16896K, reserved 1048576K
Event: 2678.115 GC heap after
Heap after GC invocations=52 (full 7):
 PSYoungGen      total 443392K, used 0K [0x00000000e0000000, 0x0000000100000000, 0x0000000100000000)
  eden space 362496K, 0% used [0x00000000e0000000,0x00000000e0000000,0x00000000f6200000)
  from space 80896K, 0% used [0x00000000f6200000,0x00000000f6200000,0x00000000fb100000)
  to   space 80896K, 0% used [0x00000000fb100000,0x00000000fb100000,0x0000000100000000)
 ParOldGen       total 456192K, used 285628K [0x00000000a0000000, 0x00000000bbd80000, 0x00000000e0000000)
  object space 456192K, 62% used [0x00000000a0000000,0x00000000b16ef198,0x00000000bbd80000)
 Metaspace       used 115817K, capacity 123444K, committed 127448K, reserved 1159168K
  class space    used 14671K, capacity 16287K, committed 16896K, reserved 1048576K
}

Deoptimization events (10 events):
Event: 2670.769 Thread 0x000000001bf33000 Uncommon trap: reason=class_check action=maybe_recompile pc=0x00000000089595d4 method=com.android.tools.r8.graph.DexEncodedMethod.a(Lcom/android/tools/r8/dex/o;Lcom/android/tools/r8/dex/n;)V @ 2
Event: 2670.769 Thread 0x000000001bf33000 Uncommon trap: reason=class_check action=maybe_recompile pc=0x00000000089595d4 method=com.android.tools.r8.graph.DexEncodedMethod.a(Lcom/android/tools/r8/dex/o;Lcom/android/tools/r8/dex/n;)V @ 2
Event: 2670.769 Thread 0x000000001bf33000 Uncommon trap: reason=class_check action=maybe_recompile pc=0x00000000089595d4 method=com.android.tools.r8.graph.DexEncodedMethod.a(Lcom/android/tools/r8/dex/o;Lcom/android/tools/r8/dex/n;)V @ 2
Event: 2670.769 Thread 0x000000001bf33000 Uncommon trap: reason=class_check action=maybe_recompile pc=0x0000000005ae66c0 method=com.android.tools.r8.graph.DexTypeList.a(Lcom/android/tools/r8/dex/o;)V @ 2
Event: 2670.769 Thread 0x000000001bf33000 Uncommon trap: reason=class_check action=maybe_recompile pc=0x00000000089595d4 method=com.android.tools.r8.graph.DexEncodedMethod.a(Lcom/android/tools/r8/dex/o;Lcom/android/tools/r8/dex/n;)V @ 2
Event: 2670.769 Thread 0x000000001bf33000 Uncommon trap: reason=class_check action=maybe_recompile pc=0x0000000005ae66c0 method=com.android.tools.r8.graph.DexTypeList.a(Lcom/android/tools/r8/dex/o;)V @ 2
Event: 2670.769 Thread 0x000000001bf33000 Uncommon trap: reason=class_check action=maybe_recompile pc=0x0000000005ae66c0 method=com.android.tools.r8.graph.DexTypeList.a(Lcom/android/tools/r8/dex/o;)V @ 2
Event: 2670.769 Thread 0x000000001bf33000 Uncommon trap: reason=class_check action=maybe_recompile pc=0x0000000005ae66c0 method=com.android.tools.r8.graph.DexTypeList.a(Lcom/android/tools/r8/dex/o;)V @ 2
Event: 2671.435 Thread 0x000000001bf33000 Uncommon trap: reason=unstable_if action=reinterpret pc=0x0000000007d0b41c method=com.android.tools.r8.graph.DexValue$NestedDexValue.equals(Ljava/lang/Object;)Z @ 11
Event: 2671.874 Thread 0x000000001bf33000 Uncommon trap: reason=unstable_if action=reinterpret pc=0x000000000885c664 method=com.android.tools.r8.dex.c.a()Lcom/android/tools/r8/dex/c; @ 141

Classes redefined (0 events):
No events

Internal exceptions (10 events):
Event: 2657.220 Thread 0x0000000019eb9000 Exception <a 'sun/nio/fs/WindowsException'> (0x00000000e854aa98) thrown at [C:\re\workspace\8-2-build-windows-amd64-cygwin\jdk8u181\11358\hotspot\src\share\vm\prims\jni.cpp, line 709]
Event: 2657.225 Thread 0x000000001c7ba800 Exception <a 'sun/nio/fs/WindowsException'> (0x00000000e67b5e80) thrown at [C:\re\workspace\8-2-build-windows-amd64-cygwin\jdk8u181\11358\hotspot\src\share\vm\prims\jni.cpp, line 709]
Event: 2662.101 Thread 0x000000001c7bd800 Exception <a 'java/lang/NoSuchMethodError': <clinit>> (0x00000000edd23f50) thrown at [C:\re\workspace\8-2-build-windows-amd64-cygwin\jdk8u181\11358\hotspot\src\share\vm\prims\jni.cpp, line 1613]
Event: 2663.640 Thread 0x000000001d196000 Exception <a 'sun/nio/fs/WindowsException'> (0x00000000ef598b68) thrown at [C:\re\workspace\8-2-build-windows-amd64-cygwin\jdk8u181\11358\hotspot\src\share\vm\prims\jni.cpp, line 709]
Event: 2664.358 Thread 0x000000001bf3a800 Implicit null exception at 0x0000000003e3b22f to 0x0000000003e3b31d
Event: 2664.358 Thread 0x000000001bf32000 Implicit null exception at 0x0000000003e3b22f to 0x0000000003e3b31d
Event: 2664.358 Thread 0x000000001bf33800 Implicit null exception at 0x0000000003e3b22f to 0x0000000003e3b31d
Event: 2664.358 Thread 0x000000001bf33000 Implicit null exception at 0x0000000003e3b22f to 0x0000000003e3b31d
Event: 2668.317 Thread 0x000000001d196000 Implicit null exception at 0x0000000003853837 to 0x0000000003853acd
Event: 2670.206 Thread 0x000000001bf32000 Implicit null exception at 0x0000000007b4798f to 0x0000000007b47afd

Events (10 events):
Event: 2671.874 Thread 0x000000001bf33000 Uncommon trap: trap_request=0xffffff65 fr.pc=0x000000000885c664
Event: 2671.874 Thread 0x000000001bf33000 DEOPT PACKING pc=0x000000000885c664 sp=0x0000000032a4ed40
Event: 2671.874 Thread 0x000000001bf33000 DEOPT UNPACKING pc=0x000000000332583b sp=0x0000000032a4ed38 mode 2
Event: 2671.954 Thread 0x000000001bf32000 DEOPT PACKING pc=0x00000000076faa5d sp=0x000000003284ed50
Event: 2671.954 Thread 0x000000001bf32000 DEOPT UNPACKING pc=0x0000000003327890 sp=0x000000003284ea70 mode 0
Event: 2672.001 Executing VM operation: ParallelGCFailedAllocation
Event: 2672.002 Executing VM operation: ParallelGCFailedAllocation done
Event: 2672.080 Executing VM operation: ParallelGCSystemGC
Event: 2678.115 Executing VM operation: ParallelGCSystemGC done
Event: 2678.124 Executing VM operation: RevokeBias


Dynamic libraries:
0x00007ff7acf10000 - 0x00007ff7acf47000 	C:\Program Files\Java\jdk1.8.0_181\bin\java.exe
0x00007ffac14a0000 - 0x00007ffac168d000 	C:\WINDOWS\SYSTEM32\ntdll.dll
0x00007ffac0e50000 - 0x00007ffac0f03000 	C:\WINDOWS\System32\KERNEL32.DLL
0x00007ffabda60000 - 0x00007ffabdcf3000 	C:\WINDOWS\System32\KERNELBASE.dll
0x00007ffac0400000 - 0x00007ffac04a3000 	C:\WINDOWS\System32\ADVAPI32.dll
0x00007ffac0db0000 - 0x00007ffac0e4e000 	C:\WINDOWS\System32\msvcrt.dll
0x00007ffac0d10000 - 0x00007ffac0dae000 	C:\WINDOWS\System32\sechost.dll
0x00007ffac04b0000 - 0x00007ffac05d2000 	C:\WINDOWS\System32\RPCRT4.dll
0x00007ffac1040000 - 0x00007ffac11d7000 	C:\WINDOWS\System32\USER32.dll
0x00007ffabda40000 - 0x00007ffabda60000 	C:\WINDOWS\System32\win32u.dll
0x00007ffac1440000 - 0x00007ffac1469000 	C:\WINDOWS\System32\GDI32.dll
0x00007ffabdd30000 - 0x00007ffabdec9000 	C:\WINDOWS\System32\gdi32full.dll
0x00007ffabded0000 - 0x00007ffabdf70000 	C:\WINDOWS\System32\msvcp_win.dll
0x00007ffabd940000 - 0x00007ffabda3a000 	C:\WINDOWS\System32\ucrtbase.dll
0x00007ffaab100000 - 0x00007ffaab379000 	C:\WINDOWS\WinSxS\amd64_microsoft.windows.common-controls_6595b64144ccf1df_6.0.17763.1039_none_de701650534c7021\COMCTL32.dll
0x00007ffac0820000 - 0x00007ffac0b4c000 	C:\WINDOWS\System32\combase.dll
0x00007ffabd560000 - 0x00007ffabd5de000 	C:\WINDOWS\System32\bcryptPrimitives.dll
0x00007ffac07e0000 - 0x00007ffac080e000 	C:\WINDOWS\System32\IMM32.DLL
0x00000000628a0000 - 0x0000000062972000 	C:\Program Files\Java\jdk1.8.0_181\jre\bin\msvcr100.dll
0x0000000061a60000 - 0x0000000062302000 	C:\Program Files\Java\jdk1.8.0_181\jre\bin\server\jvm.dll
0x00007ffac0fc0000 - 0x00007ffac0fc8000 	C:\WINDOWS\System32\PSAPI.DLL
0x00007ffaa7660000 - 0x00007ffaa7669000 	C:\WINDOWS\SYSTEM32\WSOCK32.dll
0x00007ffac0fd0000 - 0x00007ffac103d000 	C:\WINDOWS\System32\WS2_32.dll
0x00007ffab99c0000 - 0x00007ffab99e4000 	C:\WINDOWS\SYSTEM32\WINMM.dll
0x00007ffab8050000 - 0x00007ffab805a000 	C:\WINDOWS\SYSTEM32\VERSION.dll
0x00007ffab9990000 - 0x00007ffab99bd000 	C:\WINDOWS\SYSTEM32\WINMMBASE.dll
0x00007ffabd820000 - 0x00007ffabd86a000 	C:\WINDOWS\System32\cfgmgr32.dll
0x0000000063140000 - 0x000000006314f000 	C:\Program Files\Java\jdk1.8.0_181\jre\bin\verify.dll
0x0000000062ed0000 - 0x0000000062ef9000 	C:\Program Files\Java\jdk1.8.0_181\jre\bin\java.dll
0x0000000062eb0000 - 0x0000000062ec6000 	C:\Program Files\Java\jdk1.8.0_181\jre\bin\zip.dll
0x00007ffabed50000 - 0x00007ffac0244000 	C:\WINDOWS\System32\SHELL32.dll
0x00007ffac0f10000 - 0x00007ffac0fb8000 	C:\WINDOWS\System32\shcore.dll
0x00007ffabdf70000 - 0x00007ffabe6bd000 	C:\WINDOWS\System32\windows.storage.dll
0x00007ffabd4d0000 - 0x00007ffabd4f4000 	C:\WINDOWS\System32\profapi.dll
0x00007ffabd500000 - 0x00007ffabd55d000 	C:\WINDOWS\System32\powrprof.dll
0x00007ffabec40000 - 0x00007ffabec92000 	C:\WINDOWS\System32\shlwapi.dll
0x00007ffabd4b0000 - 0x00007ffabd4c1000 	C:\WINDOWS\System32\kernel.appcore.dll
0x00007ffabd920000 - 0x00007ffabd937000 	C:\WINDOWS\System32\cryptsp.dll
0x0000000062e90000 - 0x0000000062eaa000 	C:\Program Files\Java\jdk1.8.0_181\jre\bin\net.dll
0x00007ffabcd00000 - 0x00007ffabcd67000 	C:\WINDOWS\system32\mswsock.dll
0x0000000062e70000 - 0x0000000062e81000 	C:\Program Files\Java\jdk1.8.0_181\jre\bin\nio.dll
0x00007ffaacae0000 - 0x00007ffaacb06000 	C:\Users\SuperØ¼Ö´Äî\.gradle\native\29\windows-amd64\native-platform.dll
0x0000000062f20000 - 0x0000000062f2d000 	C:\Program Files\Java\jdk1.8.0_181\jre\bin\management.dll
0x00007ffabc880000 - 0x00007ffabc8b3000 	C:\WINDOWS\system32\rsaenh.dll
0x00007ffabdd00000 - 0x00007ffabdd26000 	C:\WINDOWS\System32\bcrypt.dll
0x00007ffabd390000 - 0x00007ffabd3b8000 	C:\WINDOWS\SYSTEM32\USERENV.dll
0x00007ffabced0000 - 0x00007ffabcedc000 	C:\WINDOWS\SYSTEM32\CRYPTBASE.dll
0x00007ffabca20000 - 0x00007ffabca5d000 	C:\WINDOWS\SYSTEM32\IPHLPAPI.DLL
0x00007ffac0810000 - 0x00007ffac0818000 	C:\WINDOWS\System32\NSI.dll
0x00007ffab3780000 - 0x00007ffab3796000 	C:\WINDOWS\SYSTEM32\dhcpcsvc6.DLL
0x00007ffab3760000 - 0x00007ffab377c000 	C:\WINDOWS\SYSTEM32\dhcpcsvc.DLL
0x00007ffabca60000 - 0x00007ffabcb26000 	C:\WINDOWS\SYSTEM32\DNSAPI.dll
0x00000000627f0000 - 0x0000000062814000 	C:\Program Files\Java\jdk1.8.0_181\jre\bin\sunec.dll
0x0000000062e60000 - 0x0000000062e6b000 	C:\Program Files\Java\jdk1.8.0_181\jre\bin\sunmscapi.dll
0x00007ffabd5e0000 - 0x00007ffabd7bc000 	C:\WINDOWS\System32\CRYPT32.dll
0x00007ffabd490000 - 0x00007ffabd4a2000 	C:\WINDOWS\System32\MSASN1.dll
0x0000000062840000 - 0x0000000062866000 	C:\Program Files\Bonjour\mdnsNSP.dll
0x00007ffaadf20000 - 0x00007ffaadf2a000 	C:\Windows\System32\rasadhlp.dll
0x00007ffab00c0000 - 0x00007ffab0139000 	C:\WINDOWS\System32\fwpuclnt.dll
0x00007ffab7cd0000 - 0x00007ffab7cee000 	C:\Users\SuperØ¼Ö´Äî\AppData\Local\Temp\native-platform569543255394375522dir\native-platform.dll

VM Arguments:
jvm_args: -Xmx1536m -Dfile.encoding=GBK -Duser.country=CN -Duser.language=zh -Duser.variant 
java_command: org.gradle.launcher.daemon.bootstrap.GradleDaemon 5.4.1
java_class_path (initial): C:\Users\SuperØ¼Ö´Äî\.gradle\wrapper\dists\gradle-5.4.1-all\3221gyojl5jsh0helicew7rwx\gradle-5.4.1\lib\gradle-launcher-5.4.1.jar
Launcher Type: SUN_STANDARD

Environment Variables:
JAVA_HOME=C:\Program Files\Java\jdk1.8.0_181
PATH=D:\Xshell 6\;C:\Python27\;C:\Python27\Scripts;C:\Program Files (x86)\Common Files\Oracle\Java\javapath;C:\WINDOWS\system32;C:\WINDOWS;C:\WINDOWS\System32\Wbem;C:\WINDOWS\System32\WindowsPowerShell\v1.0\;C:\WINDOWS\System32\OpenSSH\;C:\Program Files\Java\jdk1.8.0_181\bin;H:\Git\cmd;H:\Gradle\gradle-5.6.2\bin;D:\nodejs\;C:\ProgramData\chocolatey\bin;C:\Program Files\MySQL\MySQL Shell 8.0\bin\;D:\Microsoft VS Code\bin;C:\Users\SuperØ¼Ö´Äî\AppData\Roaming\npm;H:\Redis;;H:\JetBrains\PyCharm 2018.3.5\bin;
USERNAME=SuperØ¼Ö´Äî
OS=Windows_NT
PROCESSOR_IDENTIFIER=Intel64 Family 6 Model 158 Stepping 9, GenuineIntel



---------------  S Y S T E M  ---------------

OS: Windows 10.0 , 64 bit Build 17763 (10.0.17763.475)

CPU:total 4 (initial active 4) (4 cores per cpu, 1 threads per core) family 6 model 158 stepping 9, cmov, cx8, fxsr, mmx, sse, sse2, sse3, ssse3, sse4.1, sse4.2, popcnt, avx, avx2, aes, clmul, erms, 3dnowpref, lzcnt, tsc, tscinvbit, bmi1, bmi2, adx

Memory: 4k page, physical 8238980k(530556k free), swap 23733144k(3064k free)

vm_info: Java HotSpot(TM) 64-Bit Server VM (25.181-b13) for windows-amd64 JRE (1.8.0_181-b13), built on Jul  7 2018 04:01:33 by "java_re" with MS VC++ 10.0 (VS2010)

time: Thu Feb 27 12:15:59 2020
elapsed time: 2678 seconds (0d 0h 44m 38s)

